This is LuaTeX, Version 1.10.0 (TeX Live 2019/Debian)  (format=luatex 2021.2.3)  26 FEB 2021 03:28
 restricted system commands enabled.
**a.tex
(./a.tex
! Undefined control sequence.
l.2 \PassOptionsToPackage
                       {unicode}{hyperref}
? q
OK, entering \batchmode...
! Undefined control sequence.
l.3 \PassOptionsToPackage
                       {hyphens}{url}
The control sequence at the end of the top line
of your error message was never \def'ed. If you have
misspelled it (e.g., `\hobx'), type `I' and the correct
spelling (e.g., `I\hbox'). Otherwise just continue,
and I'll forget about whatever was undefined.

! Undefined control sequence.
l.5 \documentclass
                [
The control sequence at the end of the top line
of your error message was never \def'ed. If you have
misspelled it (e.g., `\hobx'), type `I' and the correct
spelling (e.g., `I\hbox'). Otherwise just continue,
and I'll forget about whatever was undefined.

! Undefined control sequence.
l.7 \usepackage
             {lmodern}
The control sequence at the end of the top line
of your error message was never \def'ed. If you have
misspelled it (e.g., `\hobx'), type `I' and the correct
spelling (e.g., `I\hbox'). Otherwise just continue,
and I'll forget about whatever was undefined.

! Undefined control sequence.
l.8 \usepackage
             {amssymb,amsmath}
The control sequence at the end of the top line
of your error message was never \def'ed. If you have
misspelled it (e.g., `\hobx'), type `I' and the correct
spelling (e.g., `I\hbox'). Otherwise just continue,
and I'll forget about whatever was undefined.

! Undefined control sequence.
l.9 \usepackage
             {ifxetex,ifluatex}
The control sequence at the end of the top line
of your error message was never \def'ed. If you have
misspelled it (e.g., `\hobx'), type `I' and the correct
spelling (e.g., `I\hbox'). Otherwise just continue,
and I'll forget about whatever was undefined.

! Undefined control sequence.
l.10 \ifnum 0\ifxetex
                    1\fi\ifluatex 1\fi=0 % if pdftex
The control sequence at the end of the top line
of your error message was never \def'ed. If you have
misspelled it (e.g., `\hobx'), type `I' and the correct
spelling (e.g., `I\hbox'). Otherwise just continue,
and I'll forget about whatever was undefined.

! Missing = inserted for \ifnum.
<to be read again> 
\relax 
<to be read again> 
\fi 
l.10 \ifnum 0\ifxetex 1\fi
                        \ifluatex 1\fi=0 % if pdftex
I was expecting to see `<', `=', or `>'. Didn't.

! Missing number, treated as zero.
<to be read again> 
\relax 
<to be read again> 
\fi 
l.10 \ifnum 0\ifxetex 1\fi
                        \ifluatex 1\fi=0 % if pdftex
A number should have been here; I inserted `0'.
(If you can't figure out why I needed to see a number,
look up `weird error' in the index to The TeXbook.)

! Undefined control sequence.
l.10 \ifnum 0\ifxetex 1\fi\ifluatex
                                  1\fi=0 % if pdftex
The control sequence at the end of the top line
of your error message was never \def'ed. If you have
misspelled it (e.g., `\hobx'), type `I' and the correct
spelling (e.g., `I\hbox'). Otherwise just continue,
and I'll forget about whatever was undefined.

! Extra \fi.
l.10 \ifnum 0\ifxetex 1\fi\ifluatex 1\fi
                                      =0 % if pdftex
I'm ignoring this; it doesn't match any \if.

! Undefined control sequence.
l.11   \usepackage
                [T1]{fontenc}
The control sequence at the end of the top line
of your error message was never \def'ed. If you have
misspelled it (e.g., `\hobx'), type `I' and the correct
spelling (e.g., `I\hbox'). Otherwise just continue,
and I'll forget about whatever was undefined.

! Undefined control sequence.
l.12   \usepackage
                [utf8]{inputenc}
The control sequence at the end of the top line
of your error message was never \def'ed. If you have
misspelled it (e.g., `\hobx'), type `I' and the correct
spelling (e.g., `I\hbox'). Otherwise just continue,
and I'll forget about whatever was undefined.

! Undefined control sequence.
l.13   \usepackage
                {textcomp} % provide euro and other symbols
The control sequence at the end of the top line
of your error message was never \def'ed. If you have
misspelled it (e.g., `\hobx'), type `I' and the correct
spelling (e.g., `I\hbox'). Otherwise just continue,
and I'll forget about whatever was undefined.

! Extra \else.
l.14 \else
         % if luatex or xetex
I'm ignoring this; it doesn't match any \if.

! Undefined control sequence.
l.15   \usepackage
                {unicode-math}
The control sequence at the end of the top line
of your error message was never \def'ed. If you have
misspelled it (e.g., `\hobx'), type `I' and the correct
spelling (e.g., `I\hbox'). Otherwise just continue,
and I'll forget about whatever was undefined.

! Undefined control sequence.
l.16   \defaultfontfeatures
                         {Scale=MatchLowercase}
The control sequence at the end of the top line
of your error message was never \def'ed. If you have
misspelled it (e.g., `\hobx'), type `I' and the correct
spelling (e.g., `I\hbox'). Otherwise just continue,
and I'll forget about whatever was undefined.

! Undefined control sequence.
l.17   \defaultfontfeatures
                         [\rmfamily]{Ligatures=TeX,Scale=1}
The control sequence at the end of the top line
of your error message was never \def'ed. If you have
misspelled it (e.g., `\hobx'), type `I' and the correct
spelling (e.g., `I\hbox'). Otherwise just continue,
and I'll forget about whatever was undefined.

! Undefined control sequence.
l.17   \defaultfontfeatures[\rmfamily
                                   ]{Ligatures=TeX,Scale=1}
The control sequence at the end of the top line
of your error message was never \def'ed. If you have
misspelled it (e.g., `\hobx'), type `I' and the correct
spelling (e.g., `I\hbox'). Otherwise just continue,
and I'll forget about whatever was undefined.

! Extra \fi.
l.18 \fi
      
I'm ignoring this; it doesn't match any \if.

! Undefined control sequence.
l.20 \IfFileExists
                {upquote.sty}{\usepackage{upquote}}{}
The control sequence at the end of the top line
of your error message was never \def'ed. If you have
misspelled it (e.g., `\hobx'), type `I' and the correct
spelling (e.g., `I\hbox'). Otherwise just continue,
and I'll forget about whatever was undefined.

! Undefined control sequence.
l.20 \IfFileExists{upquote.sty}{\usepackage
                                         {upquote}}{}
The control sequence at the end of the top line
of your error message was never \def'ed. If you have
misspelled it (e.g., `\hobx'), type `I' and the correct
spelling (e.g., `I\hbox'). Otherwise just continue,
and I'll forget about whatever was undefined.

! Undefined control sequence.
l.21 \IfFileExists
                {microtype.sty}{% use microtype if available
The control sequence at the end of the top line
of your error message was never \def'ed. If you have
misspelled it (e.g., `\hobx'), type `I' and the correct
spelling (e.g., `I\hbox'). Otherwise just continue,
and I'll forget about whatever was undefined.

! Undefined control sequence.
l.22   \usepackage
                []{microtype}
The control sequence at the end of the top line
of your error message was never \def'ed. If you have
misspelled it (e.g., `\hobx'), type `I' and the correct
spelling (e.g., `I\hbox'). Otherwise just continue,
and I'll forget about whatever was undefined.

! Undefined control sequence.
l.23   \UseMicrotypeSet
                     [protrusion]{basicmath} % disable protrusion for tt fonts
The control sequence at the end of the top line
of your error message was never \def'ed. If you have
misspelled it (e.g., `\hobx'), type `I' and the correct
spelling (e.g., `I\hbox'). Otherwise just continue,
and I'll forget about whatever was undefined.

! Undefined control sequence.
l.25 \makeatletter
                
The control sequence at the end of the top line
of your error message was never \def'ed. If you have
misspelled it (e.g., `\hobx'), type `I' and the correct
spelling (e.g., `I\hbox'). Otherwise just continue,
and I'll forget about whatever was undefined.

! Undefined control sequence.
l.26 \@
     ifundefined{KOMAClassName}{% if non-KOMA class
The control sequence at the end of the top line
of your error message was never \def'ed. If you have
misspelled it (e.g., `\hobx'), type `I' and the correct
spelling (e.g., `I\hbox'). Otherwise just continue,
and I'll forget about whatever was undefined.

! Undefined control sequence.
l.27   \IfFileExists
                  {parskip.sty}{%
The control sequence at the end of the top line
of your error message was never \def'ed. If you have
misspelled it (e.g., `\hobx'), type `I' and the correct
spelling (e.g., `I\hbox'). Otherwise just continue,
and I'll forget about whatever was undefined.

! Undefined control sequence.
l.28     \usepackage
                  {parskip}
The control sequence at the end of the top line
of your error message was never \def'ed. If you have
misspelled it (e.g., `\hobx'), type `I' and the correct
spelling (e.g., `I\hbox'). Otherwise just continue,
and I'll forget about whatever was undefined.

! Undefined control sequence.
l.30     \setlength
                 {\parindent}{0pt}
The control sequence at the end of the top line
of your error message was never \def'ed. If you have
misspelled it (e.g., `\hobx'), type `I' and the correct
spelling (e.g., `I\hbox'). Otherwise just continue,
and I'll forget about whatever was undefined.

! Missing number, treated as zero.
<to be read again> 
}
l.30     \setlength{\parindent}
                             {0pt}
A number should have been here; I inserted `0'.
(If you can't figure out why I needed to see a number,
look up `weird error' in the index to The TeXbook.)

! Illegal unit of measure (pt inserted).
<to be read again> 
}
l.30     \setlength{\parindent}
                             {0pt}
Dimensions can be in units of em, ex, in, pt, pc,
cm, mm, dd, cc, nd, nc, bp, or sp; but yours is a new one!
I'll assume that you meant to say pt, for printer's points.
To recover gracefully from this error, it's best to
delete the erroneous units; e.g., type `2' to delete
two letters. (See Chapter 27 of The TeXbook.)

! Undefined control sequence.
l.31     \setlength
                 {\parskip}{6pt plus 2pt minus 1pt}}
The control sequence at the end of the top line
of your error message was never \def'ed. If you have
misspelled it (e.g., `\hobx'), type `I' and the correct
spelling (e.g., `I\hbox'). Otherwise just continue,
and I'll forget about whatever was undefined.

! Missing number, treated as zero.
<to be read again> 
}
l.31     \setlength{\parskip}
                           {6pt plus 2pt minus 1pt}}
A number should have been here; I inserted `0'.
(If you can't figure out why I needed to see a number,
look up `weird error' in the index to The TeXbook.)

! Illegal unit of measure (pt inserted).
<to be read again> 
}
l.31     \setlength{\parskip}
                           {6pt plus 2pt minus 1pt}}
Dimensions can be in units of em, ex, in, pt, pc,
cm, mm, dd, cc, nd, nc, bp, or sp; but yours is a new one!
I'll assume that you meant to say pt, for printer's points.
To recover gracefully from this error, it's best to
delete the erroneous units; e.g., type `2' to delete
two letters. (See Chapter 27 of The TeXbook.)

! Undefined control sequence.
l.33   \KOMAoptions
                 {parskip=half}}
The control sequence at the end of the top line
of your error message was never \def'ed. If you have
misspelled it (e.g., `\hobx'), type `I' and the correct
spelling (e.g., `I\hbox'). Otherwise just continue,
and I'll forget about whatever was undefined.

! Undefined control sequence.
l.34 \makeatother
               
The control sequence at the end of the top line
of your error message was never \def'ed. If you have
misspelled it (e.g., `\hobx'), type `I' and the correct
spelling (e.g., `I\hbox'). Otherwise just continue,
and I'll forget about whatever was undefined.

! Undefined control sequence.
l.35 \usepackage
              {xcolor}
The control sequence at the end of the top line
of your error message was never \def'ed. If you have
misspelled it (e.g., `\hobx'), type `I' and the correct
spelling (e.g., `I\hbox'). Otherwise just continue,
and I'll forget about whatever was undefined.

! Undefined control sequence.
l.36 \IfFileExists
                {xurl.sty}{\usepackage{xurl}}{} % add URL line breaks if ava...
The control sequence at the end of the top line
of your error message was never \def'ed. If you have
misspelled it (e.g., `\hobx'), type `I' and the correct
spelling (e.g., `I\hbox'). Otherwise just continue,
and I'll forget about whatever was undefined.

! Undefined control sequence.
l.36 \IfFileExists{xurl.sty}{\usepackage
                                      {xurl}}{} % add URL line breaks if ava...
The control sequence at the end of the top line
of your error message was never \def'ed. If you have
misspelled it (e.g., `\hobx'), type `I' and the correct
spelling (e.g., `I\hbox'). Otherwise just continue,
and I'll forget about whatever was undefined.

! Undefined control sequence.
l.37 \IfFileExists
                {bookmark.sty}{\usepackage{bookmark}}{\usepackage{hyperref}}
The control sequence at the end of the top line
of your error message was never \def'ed. If you have
misspelled it (e.g., `\hobx'), type `I' and the correct
spelling (e.g., `I\hbox'). Otherwise just continue,
and I'll forget about whatever was undefined.

! Undefined control sequence.
l.37 \IfFileExists{bookmark.sty}{\usepackage
                                          {bookmark}}{\usepackage{hyperref}}
The control sequence at the end of the top line
of your error message was never \def'ed. If you have
misspelled it (e.g., `\hobx'), type `I' and the correct
spelling (e.g., `I\hbox'). Otherwise just continue,
and I'll forget about whatever was undefined.

! Undefined control sequence.
l.37 ...mark.sty}{\usepackage{bookmark}}{\usepackage
                                                  {hyperref}}
The control sequence at the end of the top line
of your error message was never \def'ed. If you have
misspelled it (e.g., `\hobx'), type `I' and the correct
spelling (e.g., `I\hbox'). Otherwise just continue,
and I'll forget about whatever was undefined.

! Undefined control sequence.
l.38 \hypersetup
              {
The control sequence at the end of the top line
of your error message was never \def'ed. If you have
misspelled it (e.g., `\hobx'), type `I' and the correct
spelling (e.g., `I\hbox'). Otherwise just continue,
and I'll forget about whatever was undefined.

! Undefined control sequence.
l.41 \urlstyle
            {same} % disable monospaced font for URLs
The control sequence at the end of the top line
of your error message was never \def'ed. If you have
misspelled it (e.g., `\hobx'), type `I' and the correct
spelling (e.g., `I\hbox'). Otherwise just continue,
and I'll forget about whatever was undefined.

! Undefined control sequence.
l.42 \usepackage
              [left=3cm,right=2cm,top=3.5cm,bottom=2.7cm]{geometry}
The control sequence at the end of the top line
of your error message was never \def'ed. If you have
misspelled it (e.g., `\hobx'), type `I' and the correct
spelling (e.g., `I\hbox'). Otherwise just continue,
and I'll forget about whatever was undefined.

! Undefined control sequence.
l.43 \setlength
             {\emergencystretch}{3em} % prevent overfull lines
The control sequence at the end of the top line
of your error message was never \def'ed. If you have
misspelled it (e.g., `\hobx'), type `I' and the correct
spelling (e.g., `I\hbox'). Otherwise just continue,
and I'll forget about whatever was undefined.

! Missing number, treated as zero.
<to be read again> 
}
l.43 \setlength{\emergencystretch}
                                {3em} % prevent overfull lines
A number should have been here; I inserted `0'.
(If you can't figure out why I needed to see a number,
look up `weird error' in the index to The TeXbook.)

! Illegal unit of measure (pt inserted).
<to be read again> 
}
l.43 \setlength{\emergencystretch}
                                {3em} % prevent overfull lines
Dimensions can be in units of em, ex, in, pt, pc,
cm, mm, dd, cc, nd, nc, bp, or sp; but yours is a new one!
I'll assume that you meant to say pt, for printer's points.
To recover gracefully from this error, it's best to
delete the erroneous units; e.g., type `2' to delete
two letters. (See Chapter 27 of The TeXbook.)

! Undefined control sequence.
l.44 \providecommand
                  {\tightlist}{%
The control sequence at the end of the top line
of your error message was never \def'ed. If you have
misspelled it (e.g., `\hobx'), type `I' and the correct
spelling (e.g., `I\hbox'). Otherwise just continue,
and I'll forget about whatever was undefined.

! Undefined control sequence.
l.44 \providecommand{\tightlist
                             }{%
The control sequence at the end of the top line
of your error message was never \def'ed. If you have
misspelled it (e.g., `\hobx'), type `I' and the correct
spelling (e.g., `I\hbox'). Otherwise just continue,
and I'll forget about whatever was undefined.

! Undefined control sequence.
l.45   \setlength
               {\itemsep}{0pt}\setlength{\parskip}{0pt}}
The control sequence at the end of the top line
of your error message was never \def'ed. If you have
misspelled it (e.g., `\hobx'), type `I' and the correct
spelling (e.g., `I\hbox'). Otherwise just continue,
and I'll forget about whatever was undefined.

! Undefined control sequence.
l.45   \setlength{\itemsep
                        }{0pt}\setlength{\parskip}{0pt}}
The control sequence at the end of the top line
of your error message was never \def'ed. If you have
misspelled it (e.g., `\hobx'), type `I' and the correct
spelling (e.g., `I\hbox'). Otherwise just continue,
and I'll forget about whatever was undefined.

! Undefined control sequence.
l.45   \setlength{\itemsep}{0pt}\setlength
                                        {\parskip}{0pt}}
The control sequence at the end of the top line
of your error message was never \def'ed. If you have
misspelled it (e.g., `\hobx'), type `I' and the correct
spelling (e.g., `I\hbox'). Otherwise just continue,
and I'll forget about whatever was undefined.

! Missing number, treated as zero.
<to be read again> 
}
l.45   \setlength{\itemsep}{0pt}\setlength{\parskip}
                                                  {0pt}}
A number should have been here; I inserted `0'.
(If you can't figure out why I needed to see a number,
look up `weird error' in the index to The TeXbook.)

! Illegal unit of measure (pt inserted).
<to be read again> 
}
l.45   \setlength{\itemsep}{0pt}\setlength{\parskip}
                                                  {0pt}}
Dimensions can be in units of em, ex, in, pt, pc,
cm, mm, dd, cc, nd, nc, bp, or sp; but yours is a new one!
I'll assume that you meant to say pt, for printer's points.
To recover gracefully from this error, it's best to
delete the erroneous units; e.g., type `2' to delete
two letters. (See Chapter 27 of The TeXbook.)

! Undefined control sequence.
l.46 \setcounter
              {secnumdepth}{5}
The control sequence at the end of the top line
of your error message was never \def'ed. If you have
misspelled it (e.g., `\hobx'), type `I' and the correct
spelling (e.g., `I\hbox'). Otherwise just continue,
and I'll forget about whatever was undefined.

! Undefined control sequence.
l.47 \ifluatex
            
The control sequence at the end of the top line
of your error message was never \def'ed. If you have
misspelled it (e.g., `\hobx'), type `I' and the correct
spelling (e.g., `I\hbox'). Otherwise just continue,
and I'll forget about whatever was undefined.

! Undefined control sequence.
l.48   \usepackage
                {selnolig}  % disable illegal ligatures
The control sequence at the end of the top line
of your error message was never \def'ed. If you have
misspelled it (e.g., `\hobx'), type `I' and the correct
spelling (e.g., `I\hbox'). Otherwise just continue,
and I'll forget about whatever was undefined.

! Extra \fi.
l.49 \fi
      
I'm ignoring this; it doesn't match any \if.


Overfull \hbox (1.5793pt too wide) in paragraph at lines 2--50
\tenrm [utf8]in-pu-tenc textcomp unicode-math Scale=MatchLow-er-case []Lig-a-tu
res=TeX,Scale=1 up-quote.styupquote|

\hbox(7.5+2.5)x469.75499, glue set - 1.0, direction TLT
.\tenrm [
.\tenrm u
.\tenrm t
.\tenrm f
.\tenrm 8
.etc.


Overfull \hbox (1.46828pt too wide) in paragraph at lines 2--50
\tenrm mi-crotype.sty[]mi-crotype [pro-tru-sion]ba-sic-math  ifun-de-fined-KO-M
AClass-Nameparskip.sty-parskip 0pt 6pt plus|

\hbox(7.5+2.5)x469.75499, glue set - 1.0, direction TLT
.\tenrm m
.\tenrm i
.\discretionary (penalty 50) []
.\tenrm c
.\tenrm r
.etc.

! Undefined control sequence.
l.51 \author
          {}
The control sequence at the end of the top line
of your error message was never \def'ed. If you have
misspelled it (e.g., `\hobx'), type `I' and the correct
spelling (e.g., `I\hbox'). Otherwise just continue,
and I'll forget about whatever was undefined.

! Undefined control sequence.
l.52 \date
        {}
The control sequence at the end of the top line
of your error message was never \def'ed. If you have
misspelled it (e.g., `\hobx'), type `I' and the correct
spelling (e.g., `I\hbox'). Otherwise just continue,
and I'll forget about whatever was undefined.

! Undefined control sequence.
l.54 \begin
         {document}
The control sequence at the end of the top line
of your error message was never \def'ed. If you have
misspelled it (e.g., `\hobx'), type `I' and the correct
spelling (e.g., `I\hbox'). Otherwise just continue,
and I'll forget about whatever was undefined.

! Undefined control sequence.
l.57 \setcounter
              {tocdepth}{4}
The control sequence at the end of the top line
of your error message was never \def'ed. If you have
misspelled it (e.g., `\hobx'), type `I' and the correct
spelling (e.g., `I\hbox'). Otherwise just continue,
and I'll forget about whatever was undefined.

! Undefined control sequence.
l.58 \tableofcontents
                   
The control sequence at the end of the top line
of your error message was never \def'ed. If you have
misspelled it (e.g., `\hobx'), type `I' and the correct
spelling (e.g., `I\hbox'). Otherwise just continue,
and I'll forget about whatever was undefined.

! Undefined control sequence.
l.62 \begin
         {itemize}
The control sequence at the end of the top line
of your error message was never \def'ed. If you have
misspelled it (e.g., `\hobx'), type `I' and the correct
spelling (e.g., `I\hbox'). Otherwise just continue,
and I'll forget about whatever was undefined.

! Undefined control sequence.
l.63 \tightlist
             
The control sequence at the end of the top line
of your error message was never \def'ed. If you have
misspelled it (e.g., `\hobx'), type `I' and the correct
spelling (e.g., `I\hbox'). Otherwise just continue,
and I'll forget about whatever was undefined.


Overfull \hbox (208.95769pt too wide) in paragraph at lines 65--67
[][]\tenrm `秋田'' (from：yjochi) - Twit-ter検索 / Twit-ter https://twit-t
er.com/search?lang=ja&q=%22%E7%A7%8B%E7%94%B0%22%20(from%3Ayjochi)&src=typed[]q
uery |

\hbox(7.5+2.5)x469.75499, glue set - 1.0, direction TLT
.\localpar
..\localinterlinepenalty=0
..\localbrokenpenalty=0
..\localleftbox=null
..\localrightbox=null
.\hbox(0.0+0.0)x20.0, direction TLT
.\hbox(6.94444+0.0)x0.0, glue set - 7.77779fil, direction TLT
..\glue 0.0 plus 1.0fil minus 1.0fil
..\tenrm `
..\kern5.0
.\tenrm `
.\tenrm 秋
.etc.

 [1{/var/lib/texmf/fonts/map/pdftex/updmap/pdftex.map}
Missing character: There is no 　 (U+3000) in font cmr10!
Missing character: There is no 高 (U+9AD8) in font cmr10!
Missing character: There is no 検 (U+691C) in font cmr10!
Missing character: There is no 検 (U+691C) in font cmr10!
Missing character: There is no 事 (U+4E8B) in font cmr10!
Missing character: There is no を (U+3092) in font cmr10!
Missing character: There is no 廃 (U+5EC3) in font cmr10!
Missing character: There is no 棄 (U+68C4) in font cmr10!
Missing character: There is no 物 (U+7269) in font cmr10!
Missing character: There is no 中 (U+4E2D) in font cmr10!
Missing character: There is no 間 (U+9593) in font cmr10!
Missing character: There is no 処 (U+51E6) in font cmr10!
Missing character: There is no 理 (U+7406) in font cmr10!
Missing character: There is no 場 (U+5834) in font cmr10!
Missing character: There is no と (U+3068) in font cmr10!
Missing character: There is no し (U+3057) in font cmr10!
Missing character: There is no た (U+305F) in font cmr10!
Missing character: There is no 落 (U+843D) in font cmr10!
Missing character: There is no 合 (U+5408) in font cmr10!
Missing character: There is no 洋 (U+6D0B) in font cmr10!
Missing character: There is no 司 (U+53F8) in font cmr10!
Missing character: There is no 弁 (U+5F01) in font cmr10!
Missing character: There is no 護 (U+8B77) in font cmr10!
Missing character: There is no 士 (U+58EB) in font cmr10!
Missing character: There is no （ (U+FF08) in font cmr10!
Missing character: There is no 東 (U+6771) in font cmr10!
Missing character: There is no 京 (U+4EAC) in font cmr10!
Missing character: There is no 弁 (U+5F01) in font cmr10!
Missing character: There is no 護 (U+8B77) in font cmr10!
Missing character: There is no 士 (U+58EB) in font cmr10!
Missing character: There is no 会 (U+4F1A) in font cmr10!
Missing character: There is no ） (U+FF09) in font cmr10!
Missing character: There is no の (U+306E) in font cmr10!
Missing character: There is no こ (U+3053) in font cmr10!
Missing character: There is no と (U+3068) in font cmr10!
Missing character: There is no で (U+3067) in font cmr10!
Missing character: There is no ， (U+FF0C) in font cmr10!
Missing character: There is no 一 (U+4E00) in font cmr10!
Missing character: There is no 緒 (U+7DD2) in font cmr10!
Missing character: There is no に (U+306B) in font cmr10!
Missing character: There is no 思 (U+601D) in font cmr10!
Missing character: There is no い (U+3044) in font cmr10!
Missing character: There is no 出 (U+51FA) in font cmr10!
Missing character: There is no し (U+3057) in font cmr10!
Missing character: There is no た (U+305F) in font cmr10!
Missing character: There is no の (U+306E) in font cmr10!
Missing character: There is no が (U+304C) in font cmr10!
Missing character: There is no ， (U+FF0C) in font cmr10!
Missing character: There is no そ (U+305D) in font cmr10!
Missing character: There is no の (U+306E) in font cmr10!
Missing character: There is no 秋 (U+79CB) in font cmr10!
Missing character: There is no 田 (U+7530) in font cmr10!
Missing character: There is no の (U+306E) in font cmr10!
Missing character: There is no 弁 (U+5F01) in font cmr10!
Missing character: There is no 護 (U+8B77) in font cmr10!
Missing character: There is no 士 (U+58EB) in font cmr10!
Missing character: There is no 刺 (U+523A) in font cmr10!
Missing character: There is no 殺 (U+6BBA) in font cmr10!
Missing character: There is no に (U+306B) in font cmr10!
Missing character: There is no 関 (U+95A2) in font cmr10!
Missing character: There is no す (U+3059) in font cmr10!
Missing character: There is no る (U+308B) in font cmr10!
Missing character: There is no 落 (U+843D) in font cmr10!
Missing character: There is no 合 (U+5408) in font cmr10!
Missing character: There is no 洋 (U+6D0B) in font cmr10!
Missing character: There is no 司 (U+53F8) in font cmr10!
Missing character: There is no 弁 (U+5F01) in font cmr10!
Missing character: There is no 護 (U+8B77) in font cmr10!
Missing character: There is no 士 (U+58EB) in font cmr10!
Missing character: There is no （ (U+FF08) in font cmr10!
Missing character: There is no 東 (U+6771) in font cmr10!
Missing character: There is no 京 (U+4EAC) in font cmr10!
Missing character: There is no 弁 (U+5F01) in font cmr10!
Missing character: There is no 護 (U+8B77) in font cmr10!
Missing character: There is no 士 (U+58EB) in font cmr10!
Missing character: There is no 会 (U+4F1A) in font cmr10!
Missing character: There is no ） (U+FF09) in font cmr10!
Missing character: There is no の (U+306E) in font cmr10!
Missing character: There is no 過 (U+904E) in font cmr10!
Missing character: There is no 去 (U+53BB) in font cmr10!
Missing character: There is no の (U+306E) in font cmr10!
Missing character: There is no ツ (U+30C4) in font cmr10!
Missing character: There is no イ (U+30A4) in font cmr10!
Missing character: There is no ー (U+30FC) in font cmr10!
Missing character: There is no ト (U+30C8) in font cmr10!
Missing character: There is no で (U+3067) in font cmr10!
Missing character: There is no し (U+3057) in font cmr10!
Missing character: There is no た (U+305F) in font cmr10!
Missing character: There is no 。 (U+3002) in font cmr10!
Missing character: There is no け (U+3051) in font cmr10!
Missing character: There is no っ (U+3063) in font cmr10!
Missing character: There is no こ (U+3053) in font cmr10!
Missing character: There is no う (U+3046) in font cmr10!
Missing character: There is no な (U+306A) in font cmr10!
Missing character: There is no 数 (U+6570) in font cmr10!
Missing character: There is no 見 (U+898B) in font cmr10!
Missing character: There is no か (U+304B) in font cmr10!
Missing character: There is no け (U+3051) in font cmr10!
Missing character: There is no て (U+3066) in font cmr10!
Missing character: There is no い (U+3044) in font cmr10!
Missing character: There is no た (U+305F) in font cmr10!
Missing character: There is no と (U+3068) in font cmr10!
Missing character: There is no 思 (U+601D) in font cmr10!
Missing character: There is no っ (U+3063) in font cmr10!
Missing character: There is no て (U+3066) in font cmr10!
Missing character: There is no ， (U+FF0C) in font cmr10!
Missing character: There is no 検 (U+691C) in font cmr10!
Missing character: There is no 索 (U+7D22) in font cmr10!
Missing character: There is no し (U+3057) in font cmr10!
Missing character: There is no ま (U+307E) in font cmr10!
Missing character: There is no し (U+3057) in font cmr10!
Missing character: There is no た (U+305F) in font cmr10!
Missing character: There is no 。 (U+3002) in font cmr10!
Missing character: There is no 秋 (U+79CB) in font cmr10!
Missing character: There is no 田 (U+7530) in font cmr10!
Missing character: There is no ： (U+FF1A) in font cmr10!
Missing character: There is no 検 (U+691C) in font cmr10!
Missing character: There is no 索 (U+7D22) in font cmr10!
])</usr/share/texlive/texmf-dist/fonts/type1/public/amsfonts/cm/cmr10.pfb>
Output written on a.pdf (1 page, 23804 bytes).

PDF statistics: 12 PDF objects out of 1000 (max. 8388607)
 7 compressed objects within 1 object stream
 0 named destinations out of 1000 (max. 131072)
 1 words of extra memory for PDF output out of 10000 (max. 100000000)

